<?xml version="1.0" encoding="UTF-8"?>
<!-- Generated by org.testng.reporters.JUnitXMLReporter -->
<testsuite ignored="0" hostname="LAPTOP-S2BBEH4J" failures="2" tests="2" name="Default test" time="58.565" errors="0" timestamp="2023-05-28T10:41:16 IST">
  <testcase classname="io.cucumber.testng.AbstractTestNGCucumberTests" name="runScenario" time="50.375">
    <failure type="java.lang.StringIndexOutOfBoundsException" message="begin 0, end 3, length 1">
      <![CDATA[java.lang.StringIndexOutOfBoundsException: begin 0, end 3, length 1
at java.base/java.lang.String.checkBoundsBeginEnd(String.java:4602)
at java.base/java.lang.String.substring(String.java:2705)
at stepDefinitions.CheckoutPageStepDefinition.user_proceeds_to_checkout_and_validate_tom_items_in_checkout_page(CheckoutPageStepDefinition.java:45)
at ✽.user proceeds to checkout and validate Tom items in checkout page(file:///C:/Users/Saicharan/workspaceNEWPROJECT/CucumberFrameworkLearning/src/test/java/Features/checkout.feature:9)
]]>
    </failure>
  </testcase> <!-- runScenario -->
  <testcase classname="io.cucumber.testng.AbstractTestNGCucumberTests" name="runScenario" time="50.649">
    <failure type="java.lang.AssertionError" message="expected [No data] but found [Beetroot]">
      <![CDATA[java.lang.AssertionError: expected [No data] but found [Beetroot]
at org.testng.Assert.fail(Assert.java:110)
at org.testng.Assert.failNotEquals(Assert.java:1577)
at org.testng.Assert.assertEqualsImpl(Assert.java:149)
at org.testng.Assert.assertEquals(Assert.java:131)
at org.testng.Assert.assertEquals(Assert.java:655)
at org.testng.Assert.assertEquals(Assert.java:665)
at stepDefinitions.OfferPageStepDefinition.validate_productname_in_offerspage_matches_with_landing_page(OfferPageStepDefinition.java:64)
at ✽.validate productname in offerspage matches with landing page(file:///C:/Users/Saicharan/workspaceNEWPROJECT/CucumberFrameworkLearning/src/test/java/Features/searchproduct.feature:9)
]]>
    </failure>
  </testcase> <!-- runScenario -->
</testsuite> <!-- Default test -->
