<?xml version="1.0" encoding="UTF-8"?>
<testng-results ignored="0" total="1" passed="0" failed="1" skipped="0">
  <reporter-output>
  </reporter-output>
  <suite started-at="2023-05-28T11:19:29 IST" name="Surefire suite" finished-at="2023-05-28T11:19:47 IST" duration-ms="18254">
    <groups>
      <group name="cucumber">
        <method signature="AbstractTestNGCucumberTests.runScenario(io.cucumber.testng.PickleWrapper,io.cucumber.testng.FeatureWrapper)[pri:0, instance:cucumberOptions.TestNGTestRunner@21e360a]" name="runScenario" class="io.cucumber.testng.AbstractTestNGCucumberTests"/>
      </group> <!-- cucumber -->
    </groups>
    <test started-at="2023-05-28T11:19:29 IST" name="Surefire test" finished-at="2023-05-28T11:19:47 IST" duration-ms="18254">
      <class name="cucumberOptions.TestNGTestRunner">
        <test-method is-config="true" signature="setUpClass(org.testng.ITestContext)[pri:0, instance:cucumberOptions.TestNGTestRunner@21e360a]" started-at="2023-05-28T11:19:29 IST" name="setUpClass" finished-at="2023-05-28T11:19:31 IST" duration-ms="2553" status="PASS">
          <params>
            <param index="0">
              <value>
                <![CDATA[org.testng.TestRunner@5524b72f]]>
              </value>
            </param>
          </params>
          <reporter-output>
          </reporter-output>
        </test-method> <!-- setUpClass -->
        <test-method signature="runScenario(io.cucumber.testng.PickleWrapper,io.cucumber.testng.FeatureWrapper)[pri:0, instance:cucumberOptions.TestNGTestRunner@21e360a]" started-at="2023-05-28T11:19:31 IST" name="runScenario" description="Runs Cucumber Scenarios" data-provider="scenarios" finished-at="2023-05-28T11:19:46 IST" duration-ms="14429" status="FAIL">
          <params>
            <param index="0">
              <value>
                <![CDATA["Search Experience for product search in home and offers page"]]>
              </value>
            </param>
            <param index="1">
              <value>
                <![CDATA["Search and Place the Order for Products"]]>
              </value>
            </param>
          </params>
          <exception class="java.lang.StringIndexOutOfBoundsException">
            <message>
              <![CDATA[begin 0, end 3, length 1]]>
            </message>
            <full-stacktrace>
              <![CDATA[java.lang.StringIndexOutOfBoundsException: begin 0, end 3, length 1
at java.base/java.lang.String.checkBoundsBeginEnd(String.java:3319)
at java.base/java.lang.String.substring(String.java:1874)
at stepDefinitions.CheckoutPageStepDefinition.user_proceeds_to_checkout_and_validate_tom_items_in_checkout_page(CheckoutPageStepDefinition.java:45)
at ✽.user proceeds to checkout and validate Tom items in checkout page(file:///C:/Users/Saicharan/workspaceNEWPROJECT/CucumberFrameworkLearning/src/test/java/Features/checkout.feature:9)
]]>
            </full-stacktrace>
          </exception> <!-- java.lang.StringIndexOutOfBoundsException -->
          <reporter-output>
          </reporter-output>
        </test-method> <!-- runScenario -->
        <test-method is-config="true" signature="tearDownClass()[pri:0, instance:cucumberOptions.TestNGTestRunner@21e360a]" started-at="2023-05-28T11:19:46 IST" name="tearDownClass" finished-at="2023-05-28T11:19:47 IST" duration-ms="1121" status="PASS">
          <reporter-output>
          </reporter-output>
        </test-method> <!-- tearDownClass -->
      </class> <!-- cucumberOptions.TestNGTestRunner -->
    </test> <!-- Surefire test -->
  </suite> <!-- Surefire suite -->
</testng-results>
