<?xml version="1.0" encoding="UTF-8"?>
<!-- Generated by org.testng.reporters.JUnitReportReporter -->
<testsuite hostname="LAPTOP-S2BBEH4J" failures="0" tests="1" name="cucumberOptions.TestNGTestRunner" time="14.429" errors="1" timestamp="2023-05-28T11:19:53 IST" skipped="0">
  <testcase classname="cucumberOptions.TestNGTestRunner" name="runScenario" time="14.429">
    <error message="begin 0, end 3, length 1" type="java.lang.StringIndexOutOfBoundsException">
      <![CDATA[java.lang.StringIndexOutOfBoundsException: begin 0, end 3, length 1
at java.base/java.lang.String.checkBoundsBeginEnd(String.java:3319)
at java.base/java.lang.String.substring(String.java:1874)
at stepDefinitions.CheckoutPageStepDefinition.user_proceeds_to_checkout_and_validate_tom_items_in_checkout_page(CheckoutPageStepDefinition.java:45)
at ✽.user proceeds to checkout and validate Tom items in checkout page(file:///C:/Users/Saicharan/workspaceNEWPROJECT/CucumberFrameworkLearning/src/test/java/Features/checkout.feature:9)
]]>
    </error>
  </testcase> <!-- runScenario -->
  <system-out/>
</testsuite> <!-- cucumberOptions.TestNGTestRunner -->
